<?xml version="1.0" encoding="UTF-8"?>
<testsuite xmlns:xsi="http://www.w3.org/2001/XMLSchema-instance" xsi:noNamespaceSchemaLocation="https://maven.apache.org/surefire/maven-surefire-plugin/xsd/surefire-test-report-3.0.xsd" version="3.0" name="UnitTest.GirokontoUnitTest" time="0.057" tests="18" errors="0" skipped="0" failures="0">
  <properties>
[...]
</properties>
  <testcase name="testExchangeEURBGN" classname="UnitTest.GirokontoUnitTest" time="0.001"/>
  <testcase name="testExchangeEurEur" classname="UnitTest.GirokontoUnitTest" time="0.001"/>
  <testcase name="testEinzahlenBGN" classname="UnitTest.GirokontoUnitTest" time="0.003"/>
  <testcase name="abhebenimKontostandTest" classname="UnitTest.GirokontoUnitTest" time="0.002"/>
  <testcase name="konstruktorTest" classname="UnitTest.GirokontoUnitTest" time="0"/>
  <testcase name="testWaehrungswechsel" classname="UnitTest.GirokontoUnitTest" time="0.001"/>
  <testcase name="einzahlenNegativTest" classname="UnitTest.GirokontoUnitTest" time="0.001"/>
  <testcase name="testEinzahlen" classname="UnitTest.GirokontoUnitTest" time="0.001"/>
  <testcase name="konstruktorMitParameternTest" classname="UnitTest.GirokontoUnitTest" time="0"/>
  <testcase name="testAbhebenBGN" classname="UnitTest.GirokontoUnitTest" time="0.001"/>
  <testcase name="einzahlenNaNTest" classname="UnitTest.GirokontoUnitTest" time="0.001"/>
  <testcase name="abhebenGenauImDispoTest" classname="UnitTest.GirokontoUnitTest" time="0.001"/>
  <testcase name="abhebenUeberDispoTest" classname="UnitTest.GirokontoUnitTest" time="0.001"/>
  <testcase name="abhebenInDenDispoTest" classname="UnitTest.GirokontoUnitTest" time="0.001"/>
  <testcase name="abhebenImDispoTest" classname="UnitTest.GirokontoUnitTest" time="0.001"/>
  <testcase name="abhebeninEinzelschrittenBisLeerTest" classname="UnitTest.GirokontoUnitTest" time="0.002"/>
  <testcase name="testExchangeBGNEUR" classname="UnitTest.GirokontoUnitTest" time="0"/>
  <testcase name="abhebenGenauKontostandTest" classname="UnitTest.GirokontoUnitTest" time="0.001"/>
</testsuite>